<?xml version="1.0" encoding="UTF-8"?>
<testng-results ignored="0" total="1" passed="1" failed="0" skipped="0">
  <reporter-output>
  </reporter-output>
  <suite started-at="2023-12-13T17:02:52 IST" name="Default suite" finished-at="2023-12-13T17:03:01 IST" duration-ms="9433">
    <groups>
    </groups>
    <test started-at="2023-12-13T17:02:52 IST" name="Default test" finished-at="2023-12-13T17:03:01 IST" duration-ms="9433">
      <class name="dropdownAndSynchronization.PhpTravelsFormAutomation">
        <test-method is-config="true" signature="setup()[pri:0, instance:dropdownAndSynchronization.PhpTravelsFormAutomation@4802796d]" started-at="2023-12-13T17:02:52 IST" name="setup" finished-at="2023-12-13T17:02:56 IST" duration-ms="4576" status="PASS">
          <reporter-output>
          </reporter-output>
        </test-method> <!-- setup -->
        <test-method signature="fillPhpTravelsForm()[pri:0, instance:dropdownAndSynchronization.PhpTravelsFormAutomation@4802796d]" started-at="2023-12-13T17:02:56 IST" name="fillPhpTravelsForm" finished-at="2023-12-13T17:03:01 IST" duration-ms="4484" status="PASS">
          <reporter-output>
          </reporter-output>
        </test-method> <!-- fillPhpTravelsForm -->
        <test-method is-config="true" signature="tearDown()[pri:0, instance:dropdownAndSynchronization.PhpTravelsFormAutomation@4802796d]" started-at="2023-12-13T17:03:01 IST" name="tearDown" finished-at="2023-12-13T17:03:01 IST" duration-ms="293" status="PASS">
          <reporter-output>
          </reporter-output>
        </test-method> <!-- tearDown -->
      </class> <!-- dropdownAndSynchronization.PhpTravelsFormAutomation -->
    </test> <!-- Default test -->
  </suite> <!-- Default suite -->
</testng-results>
